Installing and importing libraries...
✅ TensorFlow version: 2.19.0
✅ Keras version: 3.10.0
✅ GPU Available: True
⏱️  Setup time: 11.51 seconds

================================================================================
1. DENSE LAYERS (FULLY CONNECTED)
================================================================================
/usr/local/lib/python3.12/dist-packages/keras/src/layers/core/dense.py:93: UserWarning: Do not pass an `input_shape`/`input_dim` argument to a layer. When using Sequential models, prefer using an `Input(shape)` object as the first layer in the model instead.
  super().__init__(activity_regularizer=activity_regularizer, **kwargs)

📊 Dense Layer Architecture:
Model: "sequential"
┏━━━━━━━━━━━━━━━━━━━━━━━━━━━━━━━━━┳━━━━━━━━━━━━━━━━━━━━━━━━┳━━━━━━━━━━━━━━━┓
┃ Layer (type)                    ┃ Output Shape           ┃       Param # ┃
┡━━━━━━━━━━━━━━━━━━━━━━━━━━━━━━━━━╇━━━━━━━━━━━━━━━━━━━━━━━━╇━━━━━━━━━━━━━━━┩
│ dense (Dense)                   │ (None, 128)            │       100,480 │
├─────────────────────────────────┼────────────────────────┼───────────────┤
│ dense_1 (Dense)                 │ (None, 64)             │         8,256 │
├─────────────────────────────────┼────────────────────────┼───────────────┤
│ dense_2 (Dense)                 │ (None, 10)             │           650 │
└─────────────────────────────────┴────────────────────────┴───────────────┘
 Total params: 109,386 (427.29 KB)
 Trainable params: 109,386 (427.29 KB)
 Non-trainable params: 0 (0.00 B)

Flow: Input(784) -> Dense(128) -> Dense(64) -> Dense(10)

================================================================================
2. CONVOLUTIONAL LAYERS (Conv2D)
================================================================================

🔍 CNN Architecture:
/usr/local/lib/python3.12/dist-packages/keras/src/layers/convolutional/base_conv.py:113: UserWarning: Do not pass an `input_shape`/`input_dim` argument to a layer. When using Sequential models, prefer using an `Input(shape)` object as the first layer in the model instead.
  super().__init__(activity_regularizer=activity_regularizer, **kwargs)
Model: "sequential_1"
┏━━━━━━━━━━━━━━━━━━━━━━━━━━━━━━━━━┳━━━━━━━━━━━━━━━━━━━━━━━━┳━━━━━━━━━━━━━━━┓
┃ Layer (type)                    ┃ Output Shape           ┃       Param # ┃
┡━━━━━━━━━━━━━━━━━━━━━━━━━━━━━━━━━╇━━━━━━━━━━━━━━━━━━━━━━━━╇━━━━━━━━━━━━━━━┩
│ conv2d (Conv2D)                 │ (None, 26, 26, 32)     │           320 │
├─────────────────────────────────┼────────────────────────┼───────────────┤
│ max_pooling2d (MaxPooling2D)    │ (None, 13, 13, 32)     │             0 │
├─────────────────────────────────┼────────────────────────┼───────────────┤
│ conv2d_1 (Conv2D)               │ (None, 11, 11, 64)     │        18,496 │
├─────────────────────────────────┼────────────────────────┼───────────────┤
│ max_pooling2d_1 (MaxPooling2D)  │ (None, 5, 5, 64)       │             0 │
├─────────────────────────────────┼────────────────────────┼───────────────┤
│ conv2d_2 (Conv2D)               │ (None, 3, 3, 64)       │        36,928 │
├─────────────────────────────────┼────────────────────────┼───────────────┤
│ flatten (Flatten)               │ (None, 576)            │             0 │
├─────────────────────────────────┼────────────────────────┼───────────────┤
│ dense_3 (Dense)                 │ (None, 64)             │        36,928 │
├─────────────────────────────────┼────────────────────────┼───────────────┤
│ dense_4 (Dense)                 │ (None, 10)             │           650 │
└─────────────────────────────────┴────────────────────────┴───────────────┘
 Total params: 93,322 (364.54 KB)
 Trainable params: 93,322 (364.54 KB)
 Non-trainable params: 0 (0.00 B)

💡 Conv2D detects patterns like edges, shapes, and textures

================================================================================
3. POOLING LAYERS
================================================================================

Input shape: (1, 8, 8, 1)
After MaxPooling(2,2): (1, 4, 4, 1)
Size reduction: 75%

✅ Benefits: Reduces computation, provides translation invariance

================================================================================
4. DROPOUT LAYERS
================================================================================

💊 Model with Dropout:
Model: "sequential_2"
┏━━━━━━━━━━━━━━━━━━━━━━━━━━━━━━━━━┳━━━━━━━━━━━━━━━━━━━━━━━━┳━━━━━━━━━━━━━━━┓
┃ Layer (type)                    ┃ Output Shape           ┃       Param # ┃
┡━━━━━━━━━━━━━━━━━━━━━━━━━━━━━━━━━╇━━━━━━━━━━━━━━━━━━━━━━━━╇━━━━━━━━━━━━━━━┩
│ dense_5 (Dense)                 │ (None, 128)            │       100,480 │
├─────────────────────────────────┼────────────────────────┼───────────────┤
│ dropout (Dropout)               │ (None, 128)            │             0 │
├─────────────────────────────────┼────────────────────────┼───────────────┤
│ dense_6 (Dense)                 │ (None, 64)             │         8,256 │
├─────────────────────────────────┼────────────────────────┼───────────────┤
│ dropout_1 (Dropout)             │ (None, 64)             │             0 │
├─────────────────────────────────┼────────────────────────┼───────────────┤
│ dense_7 (Dense)                 │ (None, 10)             │           650 │
└─────────────────────────────────┴────────────────────────┴───────────────┘
 Total params: 109,386 (427.29 KB)
 Trainable params: 109,386 (427.29 KB)
 Non-trainable params: 0 (0.00 B)

💡 Prevents overfitting by randomly dropping neurons during training

================================================================================
5. BATCH NORMALIZATION
================================================================================

⚡ Model with BatchNormalization:
Model: "sequential_3"
┏━━━━━━━━━━━━━━━━━━━━━━━━━━━━━━━━━┳━━━━━━━━━━━━━━━━━━━━━━━━┳━━━━━━━━━━━━━━━┓
┃ Layer (type)                    ┃ Output Shape           ┃       Param # ┃
┡━━━━━━━━━━━━━━━━━━━━━━━━━━━━━━━━━╇━━━━━━━━━━━━━━━━━━━━━━━━╇━━━━━━━━━━━━━━━┩
│ dense_8 (Dense)                 │ (None, 128)            │       100,480 │
├─────────────────────────────────┼────────────────────────┼───────────────┤
│ batch_normalization             │ (None, 128)            │           512 │
│ (BatchNormalization)            │                        │               │
├─────────────────────────────────┼────────────────────────┼───────────────┤
│ activation (Activation)         │ (None, 128)            │             0 │
├─────────────────────────────────┼────────────────────────┼───────────────┤
│ dense_9 (Dense)                 │ (None, 64)             │         8,256 │
├─────────────────────────────────┼────────────────────────┼───────────────┤
│ batch_normalization_1           │ (None, 64)             │           256 │
│ (BatchNormalization)            │                        │               │
├─────────────────────────────────┼────────────────────────┼───────────────┤
│ activation_1 (Activation)       │ (None, 64)             │             0 │
├─────────────────────────────────┼────────────────────────┼───────────────┤
│ dense_10 (Dense)                │ (None, 10)             │           650 │
└─────────────────────────────────┴────────────────────────┴───────────────┘
 Total params: 110,154 (430.29 KB)
 Trainable params: 109,770 (428.79 KB)
 Non-trainable params: 384 (1.50 KB)

✅ Benefits: Faster training, higher learning rates possible

================================================================================
6. RECURRENT LAYERS (LSTM)
================================================================================

🔄 LSTM Architecture:
/usr/local/lib/python3.12/dist-packages/keras/src/layers/rnn/rnn.py:199: UserWarning: Do not pass an `input_shape`/`input_dim` argument to a layer. When using Sequential models, prefer using an `Input(shape)` object as the first layer in the model instead.
  super().__init__(**kwargs)
Model: "sequential_4"
┏━━━━━━━━━━━━━━━━━━━━━━━━━━━━━━━━━┳━━━━━━━━━━━━━━━━━━━━━━━━┳━━━━━━━━━━━━━━━┓
┃ Layer (type)                    ┃ Output Shape           ┃       Param # ┃
┡━━━━━━━━━━━━━━━━━━━━━━━━━━━━━━━━━╇━━━━━━━━━━━━━━━━━━━━━━━━╇━━━━━━━━━━━━━━━┩
│ lstm (LSTM)                     │ (None, 100, 128)       │        71,168 │
├─────────────────────────────────┼────────────────────────┼───────────────┤
│ lstm_1 (LSTM)                   │ (None, 64)             │        49,408 │
├─────────────────────────────────┼────────────────────────┼───────────────┤
│ dense_11 (Dense)                │ (None, 10)             │           650 │
└─────────────────────────────────┴────────────────────────┴───────────────┘
 Total params: 121,226 (473.54 KB)
 Trainable params: 121,226 (473.54 KB)
 Non-trainable params: 0 (0.00 B)

📝 Use cases: Time series, NLP, speech recognition, video analysis

================================================================================
7. EMBEDDING LAYERS
================================================================================

📖 Model with Embedding:
/usr/local/lib/python3.12/dist-packages/keras/src/layers/core/embedding.py:97: UserWarning: Argument `input_length` is deprecated. Just remove it.
  warnings.warn(
Model: "sequential_5"
┏━━━━━━━━━━━━━━━━━━━━━━━━━━━━━━━━━┳━━━━━━━━━━━━━━━━━━━━━━━━┳━━━━━━━━━━━━━━━┓
┃ Layer (type)                    ┃ Output Shape           ┃       Param # ┃
┡━━━━━━━━━━━━━━━━━━━━━━━━━━━━━━━━━╇━━━━━━━━━━━━━━━━━━━━━━━━╇━━━━━━━━━━━━━━━┩
│ embedding (Embedding)           │ ?                      │   0 (unbuilt) │
├─────────────────────────────────┼────────────────────────┼───────────────┤
│ lstm_2 (LSTM)                   │ ?                      │   0 (unbuilt) │
├─────────────────────────────────┼────────────────────────┼───────────────┤
│ dense_12 (Dense)                │ ?                      │   0 (unbuilt) │
└─────────────────────────────────┴────────────────────────┴───────────────┘
 Total params: 0 (0.00 B)
 Trainable params: 0 (0.00 B)
 Non-trainable params: 0 (0.00 B)

💡 Converts words (integers) to dense vectors for NLP tasks

================================================================================
8. FLATTEN LAYER
================================================================================

Before Flatten: (1, 7, 7, 64)
After Flatten: (1, 3136)
Calculation: 7 × 7 × 64 = 3136

✅ Use: Transition from Conv layers to Dense layers

================================================================================
9. COMPLETE MNIST EXAMPLE - TRAINING A REAL MODEL!
================================================================================

📥 Loading MNIST dataset...
Downloading data from https://storage.googleapis.com/tensorflow/tf-keras-datasets/mnist.npz
11490434/11490434 ━━━━━━━━━━━━━━━━━━━━ 2s 0us/step
🔄 Preprocessing data...
✅ Training data: (60000, 28, 28, 1)
✅ Test data: (10000, 28, 28, 1)
⏱️  Data loading time: 2.24 seconds
⏱️  Preprocessing time: 0.12 seconds


🏗️ Building comprehensive model...

📊 Model Architecture:
Model: "sequential_6"
┏━━━━━━━━━━━━━━━━━━━━━━━━━━━━━━━━━┳━━━━━━━━━━━━━━━━━━━━━━━━┳━━━━━━━━━━━━━━━┓
┃ Layer (type)                    ┃ Output Shape           ┃       Param # ┃
┡━━━━━━━━━━━━━━━━━━━━━━━━━━━━━━━━━╇━━━━━━━━━━━━━━━━━━━━━━━━╇━━━━━━━━━━━━━━━┩
│ conv2d_3 (Conv2D)               │ (None, 26, 26, 32)     │           320 │
├─────────────────────────────────┼────────────────────────┼───────────────┤
│ batch_normalization_2           │ (None, 26, 26, 32)     │           128 │
│ (BatchNormalization)            │                        │               │
├─────────────────────────────────┼────────────────────────┼───────────────┤
│ conv2d_4 (Conv2D)               │ (None, 24, 24, 32)     │         9,248 │
├─────────────────────────────────┼────────────────────────┼───────────────┤
│ batch_normalization_3           │ (None, 24, 24, 32)     │           128 │
│ (BatchNormalization)            │                        │               │
├─────────────────────────────────┼────────────────────────┼───────────────┤
│ max_pooling2d_3 (MaxPooling2D)  │ (None, 12, 12, 32)     │             0 │
├─────────────────────────────────┼────────────────────────┼───────────────┤
│ dropout_2 (Dropout)             │ (None, 12, 12, 32)     │             0 │
├─────────────────────────────────┼────────────────────────┼───────────────┤
│ conv2d_5 (Conv2D)               │ (None, 10, 10, 64)     │        18,496 │
├─────────────────────────────────┼────────────────────────┼───────────────┤
│ batch_normalization_4           │ (None, 10, 10, 64)     │           256 │
│ (BatchNormalization)            │                        │               │
├─────────────────────────────────┼────────────────────────┼───────────────┤
│ conv2d_6 (Conv2D)               │ (None, 8, 8, 64)       │        36,928 │
├─────────────────────────────────┼────────────────────────┼───────────────┤
│ batch_normalization_5           │ (None, 8, 8, 64)       │           256 │
│ (BatchNormalization)            │                        │               │
├─────────────────────────────────┼────────────────────────┼───────────────┤
│ max_pooling2d_4 (MaxPooling2D)  │ (None, 4, 4, 64)       │             0 │
├─────────────────────────────────┼────────────────────────┼───────────────┤
│ dropout_3 (Dropout)             │ (None, 4, 4, 64)       │             0 │
├─────────────────────────────────┼────────────────────────┼───────────────┤
│ flatten_2 (Flatten)             │ (None, 1024)           │             0 │
├─────────────────────────────────┼────────────────────────┼───────────────┤
│ dense_13 (Dense)                │ (None, 256)            │       262,400 │
├─────────────────────────────────┼────────────────────────┼───────────────┤
│ batch_normalization_6           │ (None, 256)            │         1,024 │
│ (BatchNormalization)            │                        │               │
├─────────────────────────────────┼────────────────────────┼───────────────┤
│ dropout_4 (Dropout)             │ (None, 256)            │             0 │
├─────────────────────────────────┼────────────────────────┼───────────────┤
│ dense_14 (Dense)                │ (None, 10)             │         2,570 │
└─────────────────────────────────┴────────────────────────┴───────────────┘
 Total params: 331,754 (1.27 MB)
 Trainable params: 330,858 (1.26 MB)
 Non-trainable params: 896 (3.50 KB)
⏱️  Model building time: 0.087 seconds

⚙️  Compiling model...
✅ Model compiled!
⏱️  Compilation time: 0.013 seconds

🚀 Training model (this may take a few minutes)...

Epoch 1/5
422/422 ━━━━━━━━━━━━━━━━━━━━ 22s 26ms/step - accuracy: 0.8599 - loss: 0.4843 - val_accuracy: 0.1992 - val_loss: 3.4742
Epoch 2/5
422/422 ━━━━━━━━━━━━━━━━━━━━ 3s 8ms/step - accuracy: 0.9788 - loss: 0.0676 - val_accuracy: 0.9893 - val_loss: 0.0373
Epoch 3/5
422/422 ━━━━━━━━━━━━━━━━━━━━ 3s 7ms/step - accuracy: 0.9849 - loss: 0.0520 - val_accuracy: 0.9932 - val_loss: 0.0252
Epoch 4/5
422/422 ━━━━━━━━━━━━━━━━━━━━ 3s 8ms/step - accuracy: 0.9881 - loss: 0.0398 - val_accuracy: 0.9917 - val_loss: 0.0302
Epoch 5/5
422/422 ━━━━━━━━━━━━━━━━━━━━ 4s 8ms/step - accuracy: 0.9883 - loss: 0.0352 - val_accuracy: 0.9937 - val_loss: 0.0252

✅ Training completed!
⏱️  Total training time: 35.97 seconds (0.60 minutes)
⏱️  Average time per epoch: 7.19 seconds
📊 Training speed: 8340 samples/second

🔍 Evaluating on test set...

📊 FINAL RESULTS:
✅ Test Accuracy: 0.9925 (99.25%)
✅ Test Loss: 0.0222
⏱️  Evaluation time: 2.24 seconds
⏱️  Inference speed: 4464 samples/second


🎯 Making predictions on test samples...
⏱️  Prediction time for 20 samples: 0.7561 seconds
⏱️  Average time per sample: 37.81 milliseconds
📊 Throughput: 26 samples/second

⚡ Single sample inference benchmark...
⏱️  Average single inference: 62.58 ± 7.88 ms
⏱️  Min: 55.37 ms, Max: 104.48 ms


================================================================================
10. LAYER VISUALIZATION
================================================================================

🔍 Visualizing how data transforms through layers...

Original input shape: (1, 28, 28, 1)
After first Conv2D: (1, 26, 26, 32)
  - Started with 1 channel, now have 32 feature maps
  ⏱️  Conv2D inference: 181.12 ms
After BatchNormalization: (1, 26, 26, 32)
  - Shape unchanged, but values normalized
  ⏱️  BatchNorm inference: 99.20 ms

📊 Visualizing first 10 (out of 32) feature maps...


💡 Interpretation:
  • Each feature map shows what a specific filter detected
  • Brighter/warmer colors = stronger activation = feature detected
  • Different filters detect edges, curves, corners, etc.

📉 After MaxPooling2D(2,2): (1, 13, 13, 32)
  - Reduced spatial dimensions by 75%: (26, 26) → (13, 13)
  - But kept all 32 feature maps
  ⏱️  MaxPooling inference: 1.18 ms

⏱️  Total visualization time: 1.495 seconds


✅ MaxPooling keeps the strongest activations while reducing size!

================================================================================
11. BEST PRACTICES & KEY TAKEAWAYS
================================================================================

📋 Common Architecture Patterns:

🖼️ Image Classification:
  Conv2D -> BatchNorm -> MaxPooling -> Dropout
  Repeat 2-3 times, then: Flatten -> Dense -> Dropout -> Output

📝 Text Classification:
  Embedding -> LSTM/GRU -> Dropout -> Dense -> Output

📊 Regression:
  Dense -> BatchNorm -> Activation -> Dropout
  Repeat, then: Dense(1, linear)

🎯 Activation Functions:
  • Hidden layers: 'relu'
  • Binary output: 'sigmoid'
  • Multi-class: 'softmax'
  • Regression: None or 'linear'

🛡️ Regularization:
  • Dropout: 0.2-0.5
  • BatchNormalization: After layer, before activation
  • Early stopping: Monitor val_loss

⚙️ Training Tips:
  • Optimizer: Adam (good default)
  • Batch size: 32, 64, 128, 256
  • Learning rate: Start with 0.001
  • Use validation split: 0.1-0.2

================================================================================
🎉 CONGRATULATIONS! YOU'VE COMPLETED THE KERAS LAYERS GUIDE!
================================================================================

✅ What you learned:
  1. Dense - Fully connected layers
  2. Conv2D - Feature extraction from images
  3. MaxPooling - Dimension reduction
  4. Dropout - Prevent overfitting
  5. BatchNormalization - Faster, stable training
  6. LSTM/GRU - Sequential data processing
  7. Embedding - Word/category vectors
  8. Flatten - Conv to Dense transition

⏱️  PERFORMANCE SUMMARY:
  • Setup & imports: 11.51s
  • Data loading: 2.24s
  • Preprocessing: 0.12s
  • Model building: 0.087s
  • Model compilation: 0.013s
  • Training (5 epochs): 35.97s (0.60 min)
  • Evaluation: 2.24s
  • Training speed: 8340 samples/sec
  • Inference speed: 4464 samples/sec
  • Single sample: 62.58ms
  • Test accuracy: 99.25%

🚀 Next Steps:
  • Experiment with different architectures
  • Try Fashion MNIST or CIFAR-10
  • Use data augmentation
  • Explore transfer learning
  • Build custom layers

💾 Save your model:
  model_complete.save('my_model.h5')
  loaded = keras.models.load_model('my_model.h5')

================================================================================
Happy Deep Learning! 🧠🎯
================================================================================
